# JRE version: Java(TM) SE Runtime Environment (8.0_121-b13) (build 1.8.0_121-b13)
# Java VM: Java HotSpot(TM) 64-Bit Server VM (25.121-b13 mixed mode linux-amd64 compressed oops)
Heap:
 PSYoungGen      total 28160K, used 23484K [0x00000000e1000000, 0x00000000e2f00000, 0x0000000100000000)
  eden space 24576K, 81% used [0x00000000e1000000,0x00000000e2372168,0x00000000e2800000)
  from space 3584K, 99% used [0x00000000e2b80000,0x00000000e2efd0a0,0x00000000e2f00000)
  to   space 3584K, 0% used [0x00000000e2800000,0x00000000e2800000,0x00000000e2b80000)
 ParOldGen       total 64512K, used 9730K [0x00000000a3000000, 0x00000000a6f00000, 0x00000000e1000000)
  object space 64512K, 15% used [0x00000000a3000000,0x00000000a3980848,0x00000000a6f00000)
 Metaspace       used 18890K, capacity 19276K, committed 19712K, reserved 1067008K
  class space    used 2343K, capacity 2474K, committed 2560K, reserved 1048576K
GC Heap History (10 events):
Event: 3,782 GC heap before
{Heap before GC invocations=15 (full 7):
 PSYoungGen      total 28160K, used 385K [0x00000000e1000000, 0x00000000e2f00000, 0x0000000100000000)
  eden space 24576K, 1% used [0x00000000e1000000,0x00000000e1060518,0x00000000e2800000)
  from space 3584K, 0% used [0x00000000e2800000,0x00000000e2800000,0x00000000e2b80000)
  to   space 3584K, 0% used [0x00000000e2b80000,0x00000000e2b80000,0x00000000e2f00000)
 ParOldGen       total 64512K, used 4592K [0x00000000a3000000, 0x00000000a6f00000, 0x00000000e1000000)
  object space 64512K, 7% used [0x00000000a3000000,0x00000000a347c110,0x00000000a6f00000)
 Metaspace       used 11763K, capacity 12108K, committed 12416K, reserved 1060864K
  class space    used 1486K, capacity 1600K, committed 1664K, reserved 1048576K
Event: 3,782 GC heap after
Heap after GC invocations=15 (full 7):
 PSYoungGen      total 28160K, used 160K [0x00000000e1000000, 0x00000000e2f00000, 0x0000000100000000)
  eden space 24576K, 0% used [0x00000000e1000000,0x00000000e1000000,0x00000000e2800000)
  from space 3584K, 4% used [0x00000000e2b80000,0x00000000e2ba8000,0x00000000e2f00000)
  to   space 3584K, 0% used [0x00000000e2800000,0x00000000e2800000,0x00000000e2b80000)
 ParOldGen       total 64512K, used 4592K [0x00000000a3000000, 0x00000000a6f00000, 0x00000000e1000000)
  object space 64512K, 7% used [0x00000000a3000000,0x00000000a347c110,0x00000000a6f00000)
 Metaspace       used 11763K, capacity 12108K, committed 12416K, reserved 1060864K
  class space    used 1486K, capacity 1600K, committed 1664K, reserved 1048576K
}
Event: 3,782 GC heap before
{Heap before GC invocations=16 (full 8):
 PSYoungGen      total 28160K, used 160K [0x00000000e1000000, 0x00000000e2f00000, 0x0000000100000000)
  eden space 24576K, 0% used [0x00000000e1000000,0x00000000e1000000,0x00000000e2800000)
  from space 3584K, 4% used [0x00000000e2b80000,0x00000000e2ba8000,0x00000000e2f00000)
  to   space 3584K, 0% used [0x00000000e2800000,0x00000000e2800000,0x00000000e2b80000)
 ParOldGen       total 64512K, used 4592K [0x00000000a3000000, 0x00000000a6f00000, 0x00000000e1000000)
  object space 64512K, 7% used [0x00000000a3000000,0x00000000a347c110,0x00000000a6f00000)
 Metaspace       used 11763K, capacity 12108K, committed 12416K, reserved 1060864K
  class space    used 1486K, capacity 1600K, committed 1664K, reserved 1048576K
Event: 3,788 GC heap after
Heap after GC invocations=16 (full 8):
 PSYoungGen      total 28160K, used 0K [0x00000000e1000000, 0x00000000e2f00000, 0x0000000100000000)
  eden space 24576K, 0% used [0x00000000e1000000,0x00000000e1000000,0x00000000e2800000)
  from space 3584K, 0% used [0x00000000e2b80000,0x00000000e2b80000,0x00000000e2f00000)
  to   space 3584K, 0% used [0x00000000e2800000,0x00000000e2800000,0x00000000e2b80000)
 ParOldGen       total 64512K, used 4592K [0x00000000a3000000, 0x00000000a6f00000, 0x00000000e1000000)
  object space 64512K, 7% used [0x00000000a3000000,0x00000000a347c110,0x00000000a6f00000)
 Metaspace       used 11763K, capacity 12108K, committed 12416K, reserved 1060864K
  class space    used 1486K, capacity 1600K, committed 1664K, reserved 1048576K
}
Event: 3,826 GC heap before
{Heap before GC invocations=17 (full 8):
 PSYoungGen      total 28160K, used 385K [0x00000000e1000000, 0x00000000e2f00000, 0x0000000100000000)
  eden space 24576K, 1% used [0x00000000e1000000,0x00000000e1060518,0x00000000e2800000)
  from space 3584K, 0% used [0x00000000e2b80000,0x00000000e2b80000,0x00000000e2f00000)
  to   space 3584K, 0% used [0x00000000e2800000,0x00000000e2800000,0x00000000e2b80000)
 ParOldGen       total 64512K, used 4592K [0x00000000a3000000, 0x00000000a6f00000, 0x00000000e1000000)
  object space 64512K, 7% used [0x00000000a3000000,0x00000000a347c110,0x00000000a6f00000)
 Metaspace       used 11763K, capacity 12108K, committed 12416K, reserved 1060864K
  class space    used 1486K, capacity 1600K, committed 1664K, reserved 1048576K
Event: 3,827 GC heap after
Heap after GC invocations=17 (full 8):
 PSYoungGen      total 28160K, used 96K [0x00000000e1000000, 0x00000000e2f00000, 0x0000000100000000)
  eden space 24576K, 0% used [0x00000000e1000000,0x00000000e1000000,0x00000000e2800000)
  from space 3584K, 2% used [0x00000000e2800000,0x00000000e2818000,0x00000000e2b80000)
  to   space 3584K, 0% used [0x00000000e2b80000,0x00000000e2b80000,0x00000000e2f00000)
 ParOldGen       total 64512K, used 4592K [0x00000000a3000000, 0x00000000a6f00000, 0x00000000e1000000)
  object space 64512K, 7% used [0x00000000a3000000,0x00000000a347c110,0x00000000a6f00000)
 Metaspace       used 11763K, capacity 12108K, committed 12416K, reserved 1060864K
  class space    used 1486K, capacity 1600K, committed 1664K, reserved 1048576K
}
Event: 3,827 GC heap before
{Heap before GC invocations=18 (full 9):
 PSYoungGen      total 28160K, used 96K [0x00000000e1000000, 0x00000000e2f00000, 0x0000000100000000)
  eden space 24576K, 0% used [0x00000000e1000000,0x00000000e1000000,0x00000000e2800000)
  from space 3584K, 2% used [0x00000000e2800000,0x00000000e2818000,0x00000000e2b80000)
  to   space 3584K, 0% used [0x00000000e2b80000,0x00000000e2b80000,0x00000000e2f00000)
 ParOldGen       total 64512K, used 4592K [0x00000000a3000000, 0x00000000a6f00000, 0x00000000e1000000)
  object space 64512K, 7% used [0x00000000a3000000,0x00000000a347c110,0x00000000a6f00000)
 Metaspace       used 11763K, capacity 12108K, committed 12416K, reserved 1060864K
  class space    used 1486K, capacity 1600K, committed 1664K, reserved 1048576K
Event: 3,836 GC heap after
Heap after GC invocations=18 (full 9):
 PSYoungGen      total 28160K, used 0K [0x00000000e1000000, 0x00000000e2f00000, 0x0000000100000000)
  eden space 24576K, 0% used [0x00000000e1000000,0x00000000e1000000,0x00000000e2800000)
  from space 3584K, 0% used [0x00000000e2800000,0x00000000e2800000,0x00000000e2b80000)
  to   space 3584K, 0% used [0x00000000e2b80000,0x00000000e2b80000,0x00000000e2f00000)
 ParOldGen       total 64512K, used 4590K [0x00000000a3000000, 0x00000000a6f00000, 0x00000000e1000000)
  object space 64512K, 7% used [0x00000000a3000000,0x00000000a347bab0,0x00000000a6f00000)
 Metaspace       used 11763K, capacity 12108K, committed 12416K, reserved 1060864K
  class space    used 1486K, capacity 1600K, committed 1664K, reserved 1048576K
}
Event: 5,132 GC heap before
{Heap before GC invocations=19 (full 9):
 PSYoungGen      total 28160K, used 24576K [0x00000000e1000000, 0x00000000e2f00000, 0x0000000100000000)
  eden space 24576K, 100% used [0x00000000e1000000,0x00000000e2800000,0x00000000e2800000)
  from space 3584K, 0% used [0x00000000e2800000,0x00000000e2800000,0x00000000e2b80000)
  to   space 3584K, 0% used [0x00000000e2b80000,0x00000000e2b80000,0x00000000e2f00000)
 ParOldGen       total 64512K, used 4590K [0x00000000a3000000, 0x00000000a6f00000, 0x00000000e1000000)
  object space 64512K, 7% used [0x00000000a3000000,0x00000000a347bab0,0x00000000a6f00000)
 Metaspace       used 15280K, capacity 15674K, committed 15872K, reserved 1062912K
  class space    used 1864K, capacity 2021K, committed 2048K, reserved 1048576K
Event: 5,137 GC heap after
Heap after GC invocations=19 (full 9):
 PSYoungGen      total 28160K, used 3572K [0x00000000e1000000, 0x00000000e2f00000, 0x0000000100000000)
  eden space 24576K, 0% used [0x00000000e1000000,0x00000000e1000000,0x00000000e2800000)
  from space 3584K, 99% used [0x00000000e2b80000,0x00000000e2efd0a0,0x00000000e2f00000)
  to   space 3584K, 0% used [0x00000000e2800000,0x00000000e2800000,0x00000000e2b80000)
 ParOldGen       total 64512K, used 9730K [0x00000000a3000000, 0x00000000a6f00000, 0x00000000e1000000)
  object space 64512K, 15% used [0x00000000a3000000,0x00000000a3980848,0x00000000a6f00000)
 Metaspace       used 15280K, capacity 15674K, committed 15872K, reserved 1062912K
  class space    used 1864K, capacity 2021K, committed 2048K, reserved 1048576K
}

