# JRE version: Java(TM) SE Runtime Environment (8.0_121-b13) (build 1.8.0_121-b13)
# Java VM: Java HotSpot(TM) 64-Bit Server VM (25.121-b13 mixed mode linux-amd64 compressed oops)
Heap:
 PSYoungGen      total 28160K, used 23466K [0x00000000e1000000, 0x00000000e2f00000, 0x0000000100000000)
  eden space 24576K, 80% used [0x00000000e1000000,0x00000000e236ea58,0x00000000e2800000)
  from space 3584K, 99% used [0x00000000e2b80000,0x00000000e2efc0c0,0x00000000e2f00000)
  to   space 3584K, 0% used [0x00000000e2800000,0x00000000e2800000,0x00000000e2b80000)
 ParOldGen       total 64512K, used 9727K [0x00000000a3000000, 0x00000000a6f00000, 0x00000000e1000000)
  object space 64512K, 15% used [0x00000000a3000000,0x00000000a397fee0,0x00000000a6f00000)
 Metaspace       used 18897K, capacity 19260K, committed 19712K, reserved 1067008K
  class space    used 2343K, capacity 2474K, committed 2560K, reserved 1048576K
GC Heap History (10 events):
Event: 4,251 GC heap before
{Heap before GC invocations=15 (full 7):
 PSYoungGen      total 28160K, used 385K [0x00000000e1000000, 0x00000000e2f00000, 0x0000000100000000)
  eden space 24576K, 1% used [0x00000000e1000000,0x00000000e1060548,0x00000000e2800000)
  from space 3584K, 0% used [0x00000000e2800000,0x00000000e2800000,0x00000000e2b80000)
  to   space 3584K, 0% used [0x00000000e2b80000,0x00000000e2b80000,0x00000000e2f00000)
 ParOldGen       total 64512K, used 4592K [0x00000000a3000000, 0x00000000a6f00000, 0x00000000e1000000)
  object space 64512K, 7% used [0x00000000a3000000,0x00000000a347c2b0,0x00000000a6f00000)
 Metaspace       used 11769K, capacity 12156K, committed 12416K, reserved 1060864K
  class space    used 1486K, capacity 1600K, committed 1664K, reserved 1048576K
Event: 4,251 GC heap after
Heap after GC invocations=15 (full 7):
 PSYoungGen      total 28160K, used 64K [0x00000000e1000000, 0x00000000e2f00000, 0x0000000100000000)
  eden space 24576K, 0% used [0x00000000e1000000,0x00000000e1000000,0x00000000e2800000)
  from space 3584K, 1% used [0x00000000e2b80000,0x00000000e2b90000,0x00000000e2f00000)
  to   space 3584K, 0% used [0x00000000e2800000,0x00000000e2800000,0x00000000e2b80000)
 ParOldGen       total 64512K, used 4592K [0x00000000a3000000, 0x00000000a6f00000, 0x00000000e1000000)
  object space 64512K, 7% used [0x00000000a3000000,0x00000000a347c2b0,0x00000000a6f00000)
 Metaspace       used 11769K, capacity 12156K, committed 12416K, reserved 1060864K
  class space    used 1486K, capacity 1600K, committed 1664K, reserved 1048576K
}
Event: 4,251 GC heap before
{Heap before GC invocations=16 (full 8):
 PSYoungGen      total 28160K, used 64K [0x00000000e1000000, 0x00000000e2f00000, 0x0000000100000000)
  eden space 24576K, 0% used [0x00000000e1000000,0x00000000e1000000,0x00000000e2800000)
  from space 3584K, 1% used [0x00000000e2b80000,0x00000000e2b90000,0x00000000e2f00000)
  to   space 3584K, 0% used [0x00000000e2800000,0x00000000e2800000,0x00000000e2b80000)
 ParOldGen       total 64512K, used 4592K [0x00000000a3000000, 0x00000000a6f00000, 0x00000000e1000000)
  object space 64512K, 7% used [0x00000000a3000000,0x00000000a347c2b0,0x00000000a6f00000)
 Metaspace       used 11769K, capacity 12156K, committed 12416K, reserved 1060864K
  class space    used 1486K, capacity 1600K, committed 1664K, reserved 1048576K
Event: 4,257 GC heap after
Heap after GC invocations=16 (full 8):
 PSYoungGen      total 28160K, used 0K [0x00000000e1000000, 0x00000000e2f00000, 0x0000000100000000)
  eden space 24576K, 0% used [0x00000000e1000000,0x00000000e1000000,0x00000000e2800000)
  from space 3584K, 0% used [0x00000000e2b80000,0x00000000e2b80000,0x00000000e2f00000)
  to   space 3584K, 0% used [0x00000000e2800000,0x00000000e2800000,0x00000000e2b80000)
 ParOldGen       total 64512K, used 4592K [0x00000000a3000000, 0x00000000a6f00000, 0x00000000e1000000)
  object space 64512K, 7% used [0x00000000a3000000,0x00000000a347c2b0,0x00000000a6f00000)
 Metaspace       used 11769K, capacity 12156K, committed 12416K, reserved 1060864K
  class space    used 1486K, capacity 1600K, committed 1664K, reserved 1048576K
}
Event: 4,284 GC heap before
{Heap before GC invocations=17 (full 8):
 PSYoungGen      total 28160K, used 385K [0x00000000e1000000, 0x00000000e2f00000, 0x0000000100000000)
  eden space 24576K, 1% used [0x00000000e1000000,0x00000000e1060548,0x00000000e2800000)
  from space 3584K, 0% used [0x00000000e2b80000,0x00000000e2b80000,0x00000000e2f00000)
  to   space 3584K, 0% used [0x00000000e2800000,0x00000000e2800000,0x00000000e2b80000)
 ParOldGen       total 64512K, used 4592K [0x00000000a3000000, 0x00000000a6f00000, 0x00000000e1000000)
  object space 64512K, 7% used [0x00000000a3000000,0x00000000a347c2b0,0x00000000a6f00000)
 Metaspace       used 11769K, capacity 12156K, committed 12416K, reserved 1060864K
  class space    used 1486K, capacity 1600K, committed 1664K, reserved 1048576K
Event: 4,285 GC heap after
Heap after GC invocations=17 (full 8):
 PSYoungGen      total 28160K, used 128K [0x00000000e1000000, 0x00000000e2f00000, 0x0000000100000000)
  eden space 24576K, 0% used [0x00000000e1000000,0x00000000e1000000,0x00000000e2800000)
  from space 3584K, 3% used [0x00000000e2800000,0x00000000e2820000,0x00000000e2b80000)
  to   space 3584K, 0% used [0x00000000e2b80000,0x00000000e2b80000,0x00000000e2f00000)
 ParOldGen       total 64512K, used 4592K [0x00000000a3000000, 0x00000000a6f00000, 0x00000000e1000000)
  object space 64512K, 7% used [0x00000000a3000000,0x00000000a347c2b0,0x00000000a6f00000)
 Metaspace       used 11769K, capacity 12156K, committed 12416K, reserved 1060864K
  class space    used 1486K, capacity 1600K, committed 1664K, reserved 1048576K
}
Event: 4,285 GC heap before
{Heap before GC invocations=18 (full 9):
 PSYoungGen      total 28160K, used 128K [0x00000000e1000000, 0x00000000e2f00000, 0x0000000100000000)
  eden space 24576K, 0% used [0x00000000e1000000,0x00000000e1000000,0x00000000e2800000)
  from space 3584K, 3% used [0x00000000e2800000,0x00000000e2820000,0x00000000e2b80000)
  to   space 3584K, 0% used [0x00000000e2b80000,0x00000000e2b80000,0x00000000e2f00000)
 ParOldGen       total 64512K, used 4592K [0x00000000a3000000, 0x00000000a6f00000, 0x00000000e1000000)
  object space 64512K, 7% used [0x00000000a3000000,0x00000000a347c2b0,0x00000000a6f00000)
 Metaspace       used 11769K, capacity 12156K, committed 12416K, reserved 1060864K
  class space    used 1486K, capacity 1600K, committed 1664K, reserved 1048576K
Event: 4,293 GC heap after
Heap after GC invocations=18 (full 9):
 PSYoungGen      total 28160K, used 0K [0x00000000e1000000, 0x00000000e2f00000, 0x0000000100000000)
  eden space 24576K, 0% used [0x00000000e1000000,0x00000000e1000000,0x00000000e2800000)
  from space 3584K, 0% used [0x00000000e2800000,0x00000000e2800000,0x00000000e2b80000)
  to   space 3584K, 0% used [0x00000000e2b80000,0x00000000e2b80000,0x00000000e2f00000)
 ParOldGen       total 64512K, used 4591K [0x00000000a3000000, 0x00000000a6f00000, 0x00000000e1000000)
  object space 64512K, 7% used [0x00000000a3000000,0x00000000a347bc50,0x00000000a6f00000)
 Metaspace       used 11769K, capacity 12156K, committed 12416K, reserved 1060864K
  class space    used 1486K, capacity 1600K, committed 1664K, reserved 1048576K
}
Event: 5,596 GC heap before
{Heap before GC invocations=19 (full 9):
 PSYoungGen      total 28160K, used 24576K [0x00000000e1000000, 0x00000000e2f00000, 0x0000000100000000)
  eden space 24576K, 100% used [0x00000000e1000000,0x00000000e2800000,0x00000000e2800000)
  from space 3584K, 0% used [0x00000000e2800000,0x00000000e2800000,0x00000000e2b80000)
  to   space 3584K, 0% used [0x00000000e2b80000,0x00000000e2b80000,0x00000000e2f00000)
 ParOldGen       total 64512K, used 4591K [0x00000000a3000000, 0x00000000a6f00000, 0x00000000e1000000)
  object space 64512K, 7% used [0x00000000a3000000,0x00000000a347bc50,0x00000000a6f00000)
 Metaspace       used 15285K, capacity 15658K, committed 15872K, reserved 1062912K
  class space    used 1864K, capacity 2021K, committed 2048K, reserved 1048576K
Event: 5,602 GC heap after
Heap after GC invocations=19 (full 9):
 PSYoungGen      total 28160K, used 3568K [0x00000000e1000000, 0x00000000e2f00000, 0x0000000100000000)
  eden space 24576K, 0% used [0x00000000e1000000,0x00000000e1000000,0x00000000e2800000)
  from space 3584K, 99% used [0x00000000e2b80000,0x00000000e2efc0c0,0x00000000e2f00000)
  to   space 3584K, 0% used [0x00000000e2800000,0x00000000e2800000,0x00000000e2b80000)
 ParOldGen       total 64512K, used 9727K [0x00000000a3000000, 0x00000000a6f00000, 0x00000000e1000000)
  object space 64512K, 15% used [0x00000000a3000000,0x00000000a397fee0,0x00000000a6f00000)
 Metaspace       used 15285K, capacity 15658K, committed 15872K, reserved 1062912K
  class space    used 1864K, capacity 2021K, committed 2048K, reserved 1048576K
}

